<?xml version="1.0" encoding="UTF-8"?>
<testng-results total="1" passed="1" failed="0" skipped="0">
  <reporter-output>
  </reporter-output>
  <suite started-at="2022-03-05T19:54:54Z" name="Default suite" finished-at="2022-03-05T19:55:54Z" duration-ms="59767">
    <groups>
    </groups>
    <test started-at="2022-03-05T19:54:54Z" name="Default test" finished-at="2022-03-05T19:55:54Z" duration-ms="59767">
      <class name="test210.Calendar_T">
        <test-method is-config="true" signature="initialization()[pri:0, instance:test210.Calendar_T@18271936]" started-at="2022-03-05T14:54:54Z" name="initialization" finished-at="2022-03-05T14:54:58Z" duration-ms="3621" status="PASS">
          <reporter-output>
          </reporter-output>
        </test-method> <!-- initialization -->
        <test-method signature="verifycalmove()[pri:0, instance:test210.Calendar_T@18271936]" started-at="2022-03-05T14:54:58Z" name="verifycalmove" finished-at="2022-03-05T14:55:54Z" duration-ms="56130" status="PASS">
          <reporter-output>
          </reporter-output>
        </test-method> <!-- verifycalmove -->
      </class> <!-- test210.Calendar_T -->
    </test> <!-- Default test -->
  </suite> <!-- Default suite -->
</testng-results>
